<?xml version="1.0" encoding="UTF-8"?>
<!-- Generated by org.testng.reporters.JUnitReportReporter -->
<testsuite hostname="DESKTOP-8AND331" failures="0" tests="1" name="TestCases.HeroHomePageTest" time="3.008" errors="0" timestamp="31 Jul 2020 17:21:07 GMT" skipped="0">
  <testcase classname="TestCases.HeroHomePageTest" name="Hero_ContextMenu" time="3.008"/>
</testsuite> <!-- TestCases.HeroHomePageTest -->
