<?xml version="1.0" encoding="UTF-8"?>
<!-- Generated by org.testng.reporters.JUnitReportReporter -->
<testsuite hostname="DESKTOP-8AND331" failures="0" tests="1" name="TestCases.Facebook" time="4.568" errors="0" timestamp="30 Jul 2020 19:11:46 GMT" skipped="0">
  <testcase classname="TestCases.Facebook" name="FaceBook_TestCases1" time="4.568"/>
</testsuite> <!-- TestCases.Facebook -->
