<?xml version="1.0" encoding="UTF-8"?>
<!-- Generated by org.testng.reporters.JUnitReportReporter -->
<testsuite hostname="DESKTOP-8AND331" failures="0" tests="1" name="TestCases.DragDropPageTest" time="8.510" errors="0" timestamp="02 Aug 2020 21:22:31 GMT" skipped="0">
  <testcase classname="TestCases.DragDropPageTest" name="DragDrop" time="8.510"/>
</testsuite> <!-- TestCases.DragDropPageTest -->
