<?xml version="1.0" encoding="UTF-8"?>
<!-- Generated by org.testng.reporters.JUnitReportReporter -->
<testsuite hostname="DESKTOP-8AND331" failures="0" tests="2" name="TestCases.SeleniumByTestNG" time="36.936" errors="0" timestamp="29 Jul 2020 20:30:39 GMT" skipped="0">
  <testcase classname="TestCases.SeleniumByTestNG" name="Eccom_TestCases1" time="20.823"/>
  <testcase classname="TestCases.SeleniumByTestNG" name="Eccom_TestCases1" time="16.113"/>
</testsuite> <!-- TestCases.SeleniumByTestNG -->
