<?xml version="1.0" encoding="UTF-8"?>
<!-- Generated by org.testng.reporters.JUnitReportReporter -->
<testsuite hostname="DESKTOP-8AND331" failures="0" tests="1" name="TestCases.HorizSlidrPageTest" time="1.449" errors="0" timestamp="02 Aug 2020 21:48:22 GMT" skipped="0">
  <testcase classname="TestCases.HorizSlidrPageTest" name="sldr" time="1.449"/>
</testsuite> <!-- TestCases.HorizSlidrPageTest -->
