<?xml version="1.0" encoding="UTF-8"?>
<!-- Generated by org.testng.reporters.JUnitReportReporter -->
<testsuite hostname="DESKTOP-8AND331" failures="0" tests="1" name="TestCases.HeroBroknImgsTest" time="2.627" errors="0" timestamp="02 Aug 2020 13:51:10 GMT" skipped="0">
  <testcase classname="TestCases.HeroBroknImgsTest" name="Hero_BrknImgs" time="2.627"/>
</testsuite> <!-- TestCases.HeroBroknImgsTest -->
