<?xml version="1.0" encoding="UTF-8"?>
<!-- Generated by org.testng.reporters.JUnitReportReporter -->
<testsuite hostname="DESKTOP-8AND331" failures="0" tests="2" name="TestCases.SeleniumByTestNG" time="38.469" errors="0" timestamp="2020-07-28T15:25:30 EDT" skipped="0">
  <testcase classname="TestCases.SeleniumByTestNG" name="TestCases1" time="16.026"/>
  <testcase classname="TestCases.SeleniumByTestNG" name="TestCases1" time="22.443"/>
</testsuite> <!-- TestCases.SeleniumByTestNG -->
