<?xml version="1.0" encoding="UTF-8"?>
<!-- Generated by org.testng.reporters.JUnitReportReporter -->
<testsuite hostname="DESKTOP-8AND331" failures="0" tests="1" name="TestCases.HeroBroknImgsTest" time="2.864" errors="0" timestamp="03 Aug 2020 19:33:38 GMT" skipped="0">
  <testcase classname="TestCases.HeroBroknImgsTest" name="Hero_BrknImgs" time="2.864"/>
</testsuite> <!-- TestCases.HeroBroknImgsTest -->
